[    0.000000] Initializing cgroup subsys cpuset
[    0.000000] Initializing cgroup subsys cpu
[    0.000000] Initializing cgroup subsys cpuacct
[    0.000000] Linux version 4.4.0-79-generic (buildd@lcy01-30) (gcc version 5.4.0 20160609 (Ubuntu 5.4.0-6ubuntu1~16.04.4) ) #100-Ubuntu SMP Wed May 17 19:58:14 UTC 2017 (Ubuntu 4.4.0-79.100-generic 4.4.67)
[    0.000000] Command line: BOOT_IMAGE=/boot/vmlinuz-4.4.0-79-generic root=LABEL=cloudimg-rootfs ro console=tty1 console=ttyS0
[    0.000000] KERNEL supported cpus:
[    0.000000]   Intel GenuineIntel
[    0.000000]   AMD AuthenticAMD
[    0.000000]   Centaur CentaurHauls
[    0.000000] x86/fpu: xstate_offset[2]:  576, xstate_sizes[2]:  256
[    0.000000] x86/fpu: Supporting XSAVE feature 0x01: 'x87 floating point registers'
[    0.000000] x86/fpu: Supporting XSAVE feature 0x02: 'SSE registers'
[    0.000000] x86/fpu: Supporting XSAVE feature 0x04: 'AVX registers'
[    0.000000] x86/fpu: Enabled xstate features 0x7, context size is 832 bytes, using 'standard' format.
[    0.000000] x86/fpu: Using 'lazy' FPU context switches.
[    0.000000] e820: BIOS-provided physical RAM map:
[    0.000000] BIOS-e820: [mem 0x0000000000000000-0x000000000009fbff] usable
[    0.000000] BIOS-e820: [mem 0x000000000009fc00-0x000000000009ffff] reserved
[    0.000000] BIOS-e820: [mem 0x00000000000f0000-0x00000000000fffff] reserved
[    0.000000] BIOS-e820: [mem 0x0000000000100000-0x000000007ffeffff] usable
[    0.000000] BIOS-e820: [mem 0x000000007fff0000-0x000000007fffffff] ACPI data
[    0.000000] BIOS-e820: [mem 0x00000000fec00000-0x00000000fec00fff] reserved
[    0.000000] BIOS-e820: [mem 0x00000000fee00000-0x00000000fee00fff] reserved
[    0.000000] BIOS-e820: [mem 0x00000000fffc0000-0x00000000ffffffff] reserved
[    0.000000] NX (Execute Disable) protection: active
[    0.000000] SMBIOS 2.5 present.
[    0.000000] Hypervisor detected: KVM
[    0.000000] e820: last_pfn = 0x7fff0 max_arch_pfn = 0x400000000
[    0.000000] MTRR: Disabled
[    0.000000] x86/PAT: MTRRs disabled, skipping PAT initialization too.
[    0.000000] x86/PAT: Configuration [0-7]: WB  WT  UC- UC  WB  WT  UC- UC  
[    0.000000] CPU MTRRs all blank - virtualized system.
[    0.000000] found SMP MP-table at [mem 0x0009fff0-0x0009ffff] mapped at [ffff88000009fff0]
[    0.000000] Scanning 1 areas for low memory corruption
[    0.000000] RAMDISK: [mem 0x36af6000-0x37572fff]
[    0.000000] ACPI: Early table checksum verification disabled
[    0.000000] ACPI: RSDP 0x00000000000E0000 000024 (v02 VBOX  )
[    0.000000] ACPI: XSDT 0x000000007FFF0030 00003C (v01 VBOX   VBOXXSDT 00000001 ASL  00000061)
[    0.000000] ACPI: FACP 0x000000007FFF00F0 0000F4 (v04 VBOX   VBOXFACP 00000001 ASL  00000061)
[    0.000000] ACPI: DSDT 0x000000007FFF0470 0021C8 (v02 VBOX   VBOXBIOS 00000002 INTL 20100528)
[    0.000000] ACPI: FACS 0x000000007FFF0200 000040
[    0.000000] ACPI: FACS 0x000000007FFF0200 000040
[    0.000000] ACPI: APIC 0x000000007FFF0240 00005C (v02 VBOX   VBOXAPIC 00000001 ASL  00000061)
[    0.000000] ACPI: SSDT 0x000000007FFF02A0 0001CC (v01 VBOX   VBOXCPUT 00000002 INTL 20100528)
[    0.000000] No NUMA configuration found
[    0.000000] Faking a node at [mem 0x0000000000000000-0x000000007ffeffff]
[    0.000000] NODE_DATA(0) allocated [mem 0x7ffeb000-0x7ffeffff]
[    0.000000] kvm-clock: Using msrs 4b564d01 and 4b564d00
[    0.000000] kvm-clock: cpu 0, msr 0:7ffe3001, primary cpu clock
[    0.000000] kvm-clock: using sched offset of 3275620971 cycles
[    0.000000] clocksource: kvm-clock: mask: 0xffffffffffffffff max_cycles: 0x1cd42e4dffb, max_idle_ns: 881590591483 ns
[    0.000000] Zone ranges:
[    0.000000]   DMA      [mem 0x0000000000001000-0x0000000000ffffff]
[    0.000000]   DMA32    [mem 0x0000000001000000-0x000000007ffeffff]
[    0.000000]   Normal   empty
[    0.000000]   Device   empty
[    0.000000] Movable zone start for each node
[    0.000000] Early memory node ranges
[    0.000000]   node   0: [mem 0x0000000000001000-0x000000000009efff]
[    0.000000]   node   0: [mem 0x0000000000100000-0x000000007ffeffff]
[    0.000000] Initmem setup node 0 [mem 0x0000000000001000-0x000000007ffeffff]
[    0.000000] ACPI: PM-Timer IO Port: 0x4008
[    0.000000] IOAPIC[0]: apic_id 2, version 32, address 0xfec00000, GSI 0-23
[    0.000000] ACPI: INT_SRC_OVR (bus 0 bus_irq 0 global_irq 2 dfl dfl)
[    0.000000] ACPI: INT_SRC_OVR (bus 0 bus_irq 9 global_irq 9 high level)
[    0.000000] Using ACPI (MADT) for SMP configuration information
[    0.000000] smpboot: Allowing 2 CPUs, 0 hotplug CPUs
[    0.000000] PM: Registered nosave memory: [mem 0x00000000-0x00000fff]
[    0.000000] PM: Registered nosave memory: [mem 0x0009f000-0x0009ffff]
[    0.000000] PM: Registered nosave memory: [mem 0x000a0000-0x000effff]
[    0.000000] PM: Registered nosave memory: [mem 0x000f0000-0x000fffff]
[    0.000000] e820: [mem 0x80000000-0xfebfffff] available for PCI devices
[    0.000000] Booting paravirtualized kernel on KVM
[    0.000000] clocksource: refined-jiffies: mask: 0xffffffff max_cycles: 0xffffffff, max_idle_ns: 7645519600211568 ns
[    0.000000] setup_percpu: NR_CPUS:512 nr_cpumask_bits:512 nr_cpu_ids:2 nr_node_ids:1
[    0.000000] PERCPU: Embedded 33 pages/cpu @ffff88007fc00000 s98264 r8192 d28712 u1048576
[    0.000000] PV qspinlock hash table entries: 256 (order: 0, 4096 bytes)
[    0.000000] Built 1 zonelists in Node order, mobility grouping on.  Total pages: 515961
[    0.000000] Policy zone: DMA32
[    0.000000] Kernel command line: BOOT_IMAGE=/boot/vmlinuz-4.4.0-79-generic root=LABEL=cloudimg-rootfs ro console=tty1 console=ttyS0
[    0.000000] PID hash table entries: 4096 (order: 3, 32768 bytes)
[    0.000000] Memory: 2034032K/2096696K available (8469K kernel code, 1294K rwdata, 3984K rodata, 1484K init, 1316K bss, 62664K reserved, 0K cma-reserved)
[    0.000000] SLUB: HWalign=64, Order=0-3, MinObjects=0, CPUs=2, Nodes=1
[    0.000000] Hierarchical RCU implementation.
[    0.000000] 	Build-time adjustment of leaf fanout to 64.
[    0.000000] 	RCU restricting CPUs from NR_CPUS=512 to nr_cpu_ids=2.
[    0.000000] RCU: Adjusting geometry for rcu_fanout_leaf=64, nr_cpu_ids=2
[    0.000000] NR_IRQS:33024 nr_irqs:440 16
[    0.000000] Console: colour VGA+ 80x25
[    0.000000] console [tty1] enabled
[    0.000000] console [ttyS0] enabled
[    0.000000] tsc: Detected 2699.998 MHz processor
[    1.911872] Calibrating delay loop (skipped) preset value.. 5399.99 BogoMIPS (lpj=10799992)
[    1.913871] pid_max: default: 32768 minimum: 301
[    1.916147] ACPI: Core revision 20150930
[    1.918033] ACPI: 2 ACPI AML tables successfully acquired and loaded
[    1.919607] Security Framework initialized
[    1.921051] Yama: becoming mindful.
[    1.921983] AppArmor: AppArmor initialized
[    1.925064] Dentry cache hash table entries: 262144 (order: 9, 2097152 bytes)
[    1.931090] Inode-cache hash table entries: 131072 (order: 8, 1048576 bytes)
[    1.936099] Mount-cache hash table entries: 4096 (order: 3, 32768 bytes)
[    1.937547] Mountpoint-cache hash table entries: 4096 (order: 3, 32768 bytes)
[    1.946782] Initializing cgroup subsys io
[    1.949692] Initializing cgroup subsys memory
[    1.950770] Initializing cgroup subsys devices
[    1.951778] Initializing cgroup subsys freezer
[    1.952780] Initializing cgroup subsys net_cls
[    1.959411] Initializing cgroup subsys perf_event
[    1.969572] Initializing cgroup subsys net_prio
[    1.976468] Initializing cgroup subsys hugetlb
[    1.988449] Initializing cgroup subsys pids
[    1.990006] CPU: Physical Processor ID: 0
[    2.024417] CPU: Processor Core ID: 0
[    2.027335] mce: CPU supports 0 MCE banks
[    2.033908] Last level iTLB entries: 4KB 64, 2MB 8, 4MB 8
[    2.058966] Last level dTLB entries: 4KB 64, 2MB 0, 4MB 0, 1GB 4
[    2.076668] Freeing SMP alternatives memory: 32K (ffffffff820b8000 - ffffffff820c0000)
[    2.129327] ftrace: allocating 32127 entries in 126 pages
[    2.172829] smpboot: APIC(0) Converting physical 0 to logical package 0
[    2.178957] smpboot: Max logical packages: 1
[    2.186829] x2apic enabled
[    2.195103] Switched APIC routing to physical x2apic.
[    2.209013] ..TIMER: vector=0x30 apic1=0 pin1=2 apic2=-1 pin2=-1
[    2.321882] smpboot: CPU0: Intel(R) Core(TM) i5-5257U CPU @ 2.70GHz (family: 0x6, model: 0x3d, stepping: 0x4)
[    2.352066] Performance Events: unsupported p6 CPU model 61 no PMU driver, software events only.
[    2.388645] KVM setup paravirtual spinlock
[    2.427620] x86: Booting SMP configuration:
[    2.459343] .... node  #0, CPUs:      #1
[    2.493955] kvm-clock: cpu 1, msr 0:7ffe3041, secondary cpu clock
[    2.520540] mce: CPU supports 0 MCE banks
[    2.531829] x86: Booted up 1 node, 2 CPUs
[    2.559536] smpboot: Total of 2 processors activated (10799.99 BogoMIPS)
[    2.594166] devtmpfs: initialized
[    2.617578] evm: security.selinux
[    2.659118] evm: security.SMACK64
[    2.684071] evm: security.SMACK64EXEC
[    2.696198] evm: security.SMACK64TRANSMUTE
[    2.712745] evm: security.SMACK64MMAP
[    2.735806] evm: security.ima
[    2.742579] evm: security.capability
[    2.743720] clocksource: jiffies: mask: 0xffffffff max_cycles: 0xffffffff, max_idle_ns: 7645041785100000 ns
[    2.830702] futex hash table entries: 512 (order: 3, 32768 bytes)
[    2.859234] pinctrl core: initialized pinctrl subsystem
[    2.876722] RTC time:  1:45:12, date: 11/26/17
[    2.894820] NET: Registered protocol family 16
[    2.917773] cpuidle: using governor ladder
[    2.978475] cpuidle: using governor menu
[    2.987259] PCCT header not found.
[    2.997021] ACPI: bus type PCI registered
[    3.003403] acpiphp: ACPI Hot Plug PCI Controller Driver version: 0.5
[    3.023464] PCI: Using configuration type 1 for base access
[    3.041578] ACPI: Added _OSI(Module Device)
[    3.052693] ACPI: Added _OSI(Processor Device)
[    3.062835] ACPI: Added _OSI(3.0 _SCP Extensions)
[    3.071639] ACPI: Added _OSI(Processor Aggregator Device)
[    3.073796] ACPI: Executed 1 blocks of module-level executable AML code
[    3.087967] ACPI: Interpreter enabled
[    3.091876] ACPI: (supports S0 S5)
[    3.113503] ACPI: Using IOAPIC for interrupt routing
[    3.119130] PCI: Using host bridge windows from ACPI; if necessary, use "pci=nocrs" and report a bug
[    3.148086] ACPI: PCI Root Bridge [PCI0] (domain 0000 [bus 00-ff])
[    3.151465] acpi PNP0A03:00: _OSC: OS supports [ASPM ClockPM Segments MSI]
[    3.166793] acpi PNP0A03:00: _OSC failed (AE_NOT_FOUND); disabling ASPM
[    3.168829] acpi PNP0A03:00: fail to add MMCONFIG information, can't access extended PCI configuration space under this bridge.
[    3.182871] PCI host bridge to bus 0000:00
[    3.191745] pci_bus 0000:00: root bus resource [io  0x0000-0x0cf7 window]
[    3.207272] pci_bus 0000:00: root bus resource [io  0x0d00-0xffff window]
[    3.222472] pci_bus 0000:00: root bus resource [mem 0x000a0000-0x000bffff window]
[    3.229764] pci_bus 0000:00: root bus resource [mem 0x80000000-0xffdfffff window]
[    3.239370] pci_bus 0000:00: root bus resource [bus 00-ff]
[    3.244660] pci 0000:00:01.1: legacy IDE quirk: reg 0x10: [io  0x01f0-0x01f7]
[    3.247045] pci 0000:00:01.1: legacy IDE quirk: reg 0x14: [io  0x03f6]
[    3.254839] pci 0000:00:01.1: legacy IDE quirk: reg 0x18: [io  0x0170-0x0177]
[    3.292197] pci 0000:00:01.1: legacy IDE quirk: reg 0x1c: [io  0x0376]
[    3.346942] pci 0000:00:07.0: quirk: [io  0x4000-0x403f] claimed by PIIX4 ACPI
[    3.367853] pci 0000:00:07.0: quirk: [io  0x4100-0x410f] claimed by PIIX4 SMB
[    3.396001] ACPI: PCI Interrupt Link [LNKA] (IRQs 5 9 10 *11)
[    3.409072] ACPI: PCI Interrupt Link [LNKB] (IRQs 5 9 10 *11)
[    3.420785] ACPI: PCI Interrupt Link [LNKC] (IRQs 5 9 *10 11)
[    3.429352] ACPI: PCI Interrupt Link [LNKD] (IRQs 5 *9 10 11)
[    3.435573] ACPI: Enabled 2 GPEs in block 00 to 07
[    3.445019] vgaarb: setting as boot device: PCI:0000:00:02.0
[    3.453197] vgaarb: device added: PCI:0000:00:02.0,decodes=io+mem,owns=io+mem,locks=none
[    3.467687] vgaarb: loaded
[    3.468684] vgaarb: bridge control possible 0000:00:02.0
[    3.477091] SCSI subsystem initialized
[    3.483639] ACPI: bus type USB registered
[    3.484626] usbcore: registered new interface driver usbfs
[    3.487148] usbcore: registered new interface driver hub
[    3.489776] usbcore: registered new device driver usb
[    3.492626] PCI: Using ACPI for IRQ routing
[    3.500179] NetLabel: Initializing
[    3.512477] NetLabel:  domain hash size = 128
[    3.513706] NetLabel:  protocols = UNLABELED CIPSOv4
[    3.514941] NetLabel:  unlabeled traffic allowed by default
[    3.529561] amd_nb: Cannot enumerate AMD northbridges
[    3.532664] clocksource: Switched to clocksource kvm-clock
[    3.549912] AppArmor: AppArmor Filesystem Enabled
[    3.566209] pnp: PnP ACPI init
[    3.576723] pnp: PnP ACPI: found 3 devices
[    3.588436] clocksource: acpi_pm: mask: 0xffffff max_cycles: 0xffffff, max_idle_ns: 2085701024 ns
[    3.590868] NET: Registered protocol family 2
[    3.601071] TCP established hash table entries: 16384 (order: 5, 131072 bytes)
[    3.616768] TCP bind hash table entries: 16384 (order: 6, 262144 bytes)
[    3.625247] TCP: Hash tables configured (established 16384 bind 16384)
[    3.627928] UDP hash table entries: 1024 (order: 3, 32768 bytes)
[    3.629264] UDP-Lite hash table entries: 1024 (order: 3, 32768 bytes)
[    3.631446] NET: Registered protocol family 1
[    3.634773] pci 0000:00:00.0: Limiting direct PCI/PCI transfers
[    3.636259] pci 0000:00:01.0: Activating ISA DMA hang workarounds
[    3.637828] Unpacking initramfs...
[    5.803122] Freeing initrd memory: 10740K (ffff880036af6000 - ffff880037573000)
[    5.850854] RAPL PMU detected, API unit is 2^-32 Joules, 4 fixed counters 10737418240 ms ovfl timer
[    5.866907] hw unit of domain pp0-core 2^-0 Joules
[    5.874105] hw unit of domain package 2^-0 Joules
[    5.875794] hw unit of domain dram 2^-0 Joules
[    5.882777] hw unit of domain pp1-gpu 2^-0 Joules
[    5.890556] platform rtc_cmos: registered platform RTC device (no PNP device found)
[    5.899815] Scanning for low memory corruption every 60 seconds
[    5.917722] audit: initializing netlink subsys (disabled)
[    5.919268] audit: type=2000 audit(1511660717.731:1): initialized
[    5.922267] Initialise system trusted keyring
[    5.923553] HugeTLB registered 2 MB page size, pre-allocated 0 pages
[    5.931848] zbud: loaded
[    5.932896] VFS: Disk quotas dquot_6.6.0
[    5.934351] VFS: Dquot-cache hash table entries: 512 (order 0, 4096 bytes)
[    5.936622] squashfs: version 4.0 (2009/01/31) Phillip Lougher
[    5.940392] fuse init (API version 7.23)
[    5.945844] Key type big_key registered
[    5.950628] Allocating IMA MOK and blacklist keyrings.
[    5.959296] Key type asymmetric registered
[    6.032862] Asymmetric key parser 'x509' registered
[    6.035409] Block layer SCSI generic (bsg) driver version 0.4 loaded (major 249)
[    6.055283] io scheduler noop registered
[    6.073619] io scheduler deadline registered (default)
[    6.093732] io scheduler cfq registered
[    6.098614] pci_hotplug: PCI Hot Plug PCI Core version: 0.5
[    6.101718] pciehp: PCI Express Hot Plug Controller Driver version: 0.4
[    6.109793] ACPI: AC Adapter [AC] (off-line)
[    6.118338] input: Power Button as /devices/LNXSYSTM:00/LNXPWRBN:00/input/input0
[    6.122338] ACPI: Power Button [PWRF]
[    6.124144] input: Sleep Button as /devices/LNXSYSTM:00/LNXSLPBN:00/input/input1
[    6.146886] ACPI: Sleep Button [SLPF]
[    6.148082] GHES: HEST is not enabled!
[    6.149293] ACPI: Battery Slot [BAT0] (battery present)
[    6.159689] Serial: 8250/16550 driver, 32 ports, IRQ sharing enabled
[    6.185251] 00:02: ttyS0 at I/O 0x3f8 (irq = 4, base_baud = 115200) is a 16550A
[    6.201881] Linux agpgart interface v0.103
[    6.206524] loop: module loaded
[    6.207984] scsi host0: ata_piix
[    6.218360] scsi host1: ata_piix
[    6.219675] ata1: PATA max UDMA/33 cmd 0x1f0 ctl 0x3f6 bmdma 0xd000 irq 14
[    6.221135] ata2: PATA max UDMA/33 cmd 0x170 ctl 0x376 bmdma 0xd008 irq 15
[    6.222636] libphy: Fixed MDIO Bus: probed
[    6.230045] tun: Universal TUN/TAP device driver, 1.6
[    6.231790] tun: (C) 1999-2004 Max Krasnyansky <maxk@qualcomm.com>
[    6.233848] PPP generic driver version 2.4.2
[    6.238161] ehci_hcd: USB 2.0 'Enhanced' Host Controller (EHCI) Driver
[    6.240233] ehci-pci: EHCI PCI platform driver
[    6.241724] ehci-platform: EHCI generic platform driver
[    6.248618] ohci_hcd: USB 1.1 'Open' Host Controller (OHCI) Driver
[    6.258142] ohci-pci: OHCI PCI platform driver
[    6.265135] ohci-platform: OHCI generic platform driver
[    6.271175] uhci_hcd: USB Universal Host Controller Interface driver
[    6.278723] i8042: PNP: PS/2 Controller [PNP0303:PS2K,PNP0f03:PS2M] at 0x60,0x64 irq 1,12
[    6.281082] serio: i8042 KBD port at 0x60,0x64 irq 1
[    6.287316] serio: i8042 AUX port at 0x60,0x64 irq 12
[    6.294870] mousedev: PS/2 mouse device common for all mice
[    6.309532] rtc_cmos rtc_cmos: rtc core: registered rtc_cmos as rtc0
[    6.309816] input: AT Translated Set 2 keyboard as /devices/platform/i8042/serio0/input/input2
[    6.364196] rtc_cmos rtc_cmos: alarms up to one day, 114 bytes nvram
[    6.427726] i2c /dev entries driver
[    6.430553] device-mapper: uevent: version 1.0.3
[    6.484188] device-mapper: ioctl: 4.34.0-ioctl (2015-10-28) initialised: dm-devel@redhat.com
[    6.516793] ledtrig-cpu: registered to indicate activity on CPUs
[    6.546849] NET: Registered protocol family 10
[    6.581193] NET: Registered protocol family 17
[    6.674851] Key type dns_resolver registered
[    6.724644] microcode: CPU0 sig=0x306d4, pf=0x40, revision=0x0
[    6.742003] microcode: CPU1 sig=0x306d4, pf=0x40, revision=0x0
[    6.745787] microcode: Microcode Update Driver: v2.01 <tigran@aivazian.fsnet.co.uk>, Peter Oruba
[    6.751700] registered taskstats version 1
[    6.759972] Loading compiled-in X.509 certificates
[    6.762090] Loaded X.509 cert 'Build time autogenerated kernel key: 761c03361fb5ffec61c19dca354b3d4126495503'
[    6.803209] zswap: loaded using pool lzo/zbud
[    6.817653] Key type trusted registered
[    6.832037] Key type encrypted registered
[    6.836820] AppArmor: AppArmor sha1 policy hashing enabled
[    6.841279] ima: No TPM chip found, activating TPM-bypass!
[    6.851246] evm: HMAC attrs: 0x1
[    6.855763]   Magic number: 9:324:762
[    6.856769] atkbd serio0: hash matches
[    6.858534] rtc_cmos rtc_cmos: setting system clock to 2017-11-26 01:45:16 UTC (1511660716)
[    6.866634] BIOS EDD facility v0.16 2004-Jun-25, 0 devices found
[    6.878534] EDD information not available.
[    6.881672] Freeing unused kernel memory: 1484K (ffffffff81f45000 - ffffffff820b8000)
[    6.889178] tsc: Refined TSC clocksource calibration: 2701.108 MHz
[    6.889181] clocksource: tsc: mask: 0xffffffffffffffff max_cycles: 0x26ef553028f, max_idle_ns: 440795324248 ns
[    6.900500] Write protecting the kernel read-only data: 14336k
[    6.908351] Freeing unused kernel memory: 1760K (ffff880001848000 - ffff880001a00000)
[    6.920172] Freeing unused kernel memory: 112K (ffff880001de4000 - ffff880001e00000)
Loading, please wait...
starting version[    6.967071] random: systemd-udevd: uninitialized urandom read (16 bytes read, 3 bits of entropy available)
 229
[    6.968163] random: udevadm: uninitialized urandom read (16 bytes read, 3 bits of entropy available)
[    6.968225] random: udevadm: uninitialized urandom read (16 bytes read, 3 bits of entropy available)
[    6.968431] random: udevadm: uninitialized urandom read (16 bytes read, 3 bits of entropy available)
[    6.968502] random: udevadm: uninitialized urandom read (16 bytes read, 3 bits of entropy available)
[    6.968565] random: udevadm: uninitialized urandom read (16 bytes read, 3 bits of entropy available)
[    6.968623] random: udevadm: uninitialized urandom read (16 bytes read, 3 bits of entropy available)
[    6.968688] random: udevadm: uninitialized urandom read (16 bytes read, 3 bits of entropy available)
[    6.968828] random: udevadm: uninitialized urandom read (16 bytes read, 3 bits of entropy available)
[    6.968896] random: udevadm: uninitialized urandom read (16 bytes read, 3 bits of entropy available)
[    7.162366] e1000: Intel(R) PRO/1000 Network Driver - version 7.3.21-k8-NAPI
[    7.186883] e1000: Copyright (c) 1999-2006 Intel Corporation.
[    7.231287] AVX version of gcm_enc/dec engaged.
[    7.231874] Fusion MPT base driver 3.04.20
[    7.231875] Copyright (c) 1999-2008 LSI Corporation
[    7.249145] AES CTR mode by8 optimization enabled
[    7.256444] Fusion MPT SPI Host driver 3.04.20
[    7.361837] input: ImExPS/2 Generic Explorer Mouse as /devices/platform/i8042/serio1/input/input4
[    7.665306] e1000 0000:00:03.0 eth0: (PCI:33MHz:32-bit) 02:1f:97:0f:e2:73
[    7.678968] e1000 0000:00:03.0 eth0: Intel(R) PRO/1000 Network Connection
[    7.681347] mptbase: ioc0: Initiating bringup
[    7.749816] ioc0: LSI53C1030 A0: Capabilities={Initiator}
[    7.926658] scsi host2: ioc0: LSI53C1030 A0, FwRev=00000000h, Ports=1, MaxQ=256, IRQ=20
[    8.046451] scsi 2:0:0:0: Direct-Access     VBOX     HARDDISK         1.0  PQ: 0 ANSI: 5
[    8.123909] scsi target2:0:0: Beginning Domain Validation
[    8.146119] scsi target2:0:0: Domain Validation skipping write tests
[    8.148871] scsi target2:0:0: Ending Domain Validation
[    8.150405] scsi target2:0:0: asynchronous
[    8.167879] scsi 2:0:1:0: Direct-Access     VBOX     HARDDISK         1.0  PQ: 0 ANSI: 5
[    8.184769] scsi target2:0:1: Beginning Domain Validation
[    8.194233] scsi target2:0:1: Domain Validation skipping write tests
[    8.211206] scsi target2:0:1: Ending Domain Validation
[    8.214885] scsi target2:0:1: asynchronous
[    8.229523] sd 2:0:0:0: Attached scsi generic sg0 type 0
[    8.233109] sd 2:0:0:0: [sda] 20971520 512-byte logical blocks: (10.7 GB/10.0 GiB)
[    8.240848] sd 2:0:1:0: Attached scsi generic sg1 type 0
[    8.242117] sd 2:0:1:0: [sdb] 20480 512-byte logical blocks: (10.5 MB/10.0 MiB)
[    8.242265] sd 2:0:1:0: [sdb] Write Protect is off
[    8.242368] sd 2:0:1:0: [sdb] Incomplete mode parameter data
[    8.242369] sd 2:0:1:0: [sdb] Assuming drive cache: write through
[    8.272369] sd 2:0:0:0: [sda] Write Protect is off
[    8.302933] sd 2:0:0:0: [sda] Incomplete mode parameter data
[    8.304536] sd 2:0:0:0: [sda] Assuming drive cache: write through
[    8.336386] sd 2:0:1:0: [sdb] Attached SCSI disk
[    8.339767]  sda: sda1
[    8.342718] sd 2:0:0:0: [sda] Attached SCSI disk
[    8.492622] e1000 0000:00:08.0 eth1: (PCI:33MHz:32-bit) 08:00:27:4c:13:15
[    8.504182] e1000 0000:00:08.0 eth1: Intel(R) PRO/1000 Network Connection
[    8.509505] e1000 0000:00:08.0 enp0s8: renamed from eth1
[    8.530070] e1000 0000:00:03.0 enp0s3: renamed from eth0
[   10.165094] floppy0: no floppy controllers found
Begin: Loading essential drivers ... [   11.602118] md: linear personality registered for level -1
[   11.632889] md: multipath personality registered for level -4
[   11.664886] md: raid0 personality registered for level 0
[   11.694384] md: raid1 personality registered for level 1
[   11.801526] raid6: sse2x1   gen()  9471 MB/s
[   11.896745] raid6: sse2x1   xor()  6587 MB/s
[   11.980822] raid6: sse2x2   gen() 11469 MB/s
[   12.084738] raid6: sse2x2   xor()  6920 MB/s
[   12.184786] raid6: sse2x4   gen()  9460 MB/s
[   12.252734] raid6: sse2x4   xor()  5221 MB/s
[   12.264496] raid6: using algorithm sse2x2 gen() 11469 MB/s
[   12.271838] raid6: .... xor() 6920 MB/s, rmw enabled
[   12.272938] raid6: using ssse3x2 recovery algorithm
[   12.275797] xor: automatically using best checksumming function:
[   12.364850]    avx       : 26828.000 MB/sec
[   12.420241] async_tx: api initialized (async)
[   12.507055] md: raid6 personality registered for level 6
[   12.561039] md: raid5 personality registered for level 5
[   12.594683] md: raid4 personality registered for level 4
[   12.615317] md: raid10 personality registered for level 10
done.
Begin: Running /scripts/init-premount ... done.
Begin: Mounting root file system ... Begin: Running /scripts/local-top ... done.
Begin: Running /scripts/local-premount [   12.701936] Btrfs loaded
... Scanning for Btrfs filesystems
done.
Warning: fsck not present, so sk[   12.745938] EXT4-fs (sda1): mounted filesystem with ordered data mode. Opts: (null)
ipping root file system
done.
Begin: Running /scripts/local-bottom ... done.
Begin: Running /scripts/init-bottom ... done.
[   12.890858] systemd[1]: systemd 229 running in system mode. (+PAM +AUDIT +SELINUX +IMA +APPARMOR +SMACK +SYSVINIT +UTMP +LIBCRYPTSETUP +GCRYPT +GNUTLS +ACL +XZ -LZ4 +SECCOMP +BLKID +ELFUTILS +KMOD -IDN)
[   12.932034] systemd[1]: Detected virtualization oracle.
[   12.933031] systemd[1]: Detected architecture x86-64.

Welcome to [1mUbuntu 16.04.2 LTS[0m!

[   12.968130] systemd[1]: Set hostname to <ubuntu>.
[   13.003380] systemd[1]: Initializing machine ID from random generator.
[   13.069773] systemd[1]: Installed transient /etc/machine-id file.
[   13.209984] systemd[1]: Listening on LVM2 metadata daemon socket.
[[0;32m  OK  [0m] Listening on LVM2 metadata daemon socket.
[   13.219860] systemd[1]: Started Trigger resolvconf update for networkd DNS.
[[0;32m  OK  [0m] Started Trigger resolvconf update for networkd DNS.
[   13.285470] systemd[1]: Created slice User and Session Slice.
[[0;32m  OK  [0m] Created slice User and Session Slice.
[   13.449159] systemd[1]: Listening on Device-mapper event daemon FIFOs.
[[0;32m  OK  [0m] Listening on Device-mapper event daemon FIFOs.
[   13.485448] systemd[1]: Reached target Encrypted Volumes.
[[0;32m  OK  [0m] Reached target Encrypted Volumes.
[   13.553481] systemd[1]: Reached target Swap.
[[0;32m  OK  [0m] Reached target Swap.
[   13.572039] systemd[1]: Reached target User and Group Name Lookups.
[[0;32m  OK  [0m] Reached target User and Group Name Lookups.
[   13.609139] systemd[1]: Listening on Syslog Socket.
[[0;32m  OK  [0m] Listening on Syslog Socket.
[   13.621544] systemd[1]: Started Forward Password Requests to Wall Directory Watch.
[[0;32m  OK  [0m] Started Forward Password Requests to Wall Directory Watch.
[   13.636769] systemd[1]: Listening on Journal Audit Socket.
[[0;32m  OK  [0m] Listening on Journal Audit Socket.
[   13.649431] systemd[1]: Listening on LVM2 poll daemon socket.
[[0;32m  OK  [0m] Listening on LVM2 poll daemon socket.
[   13.664454] systemd[1]: Listening on udev Control Socket.
[[0;32m  OK  [0m] Listening on udev Control Socket.
[   13.682239] systemd[1]: Listening on Journal Socket.
[[0;32m  OK  [0m] Listening on Journal Socket.
[   13.692877] systemd[1]: Set up automount Arbitrary Executable File Formats File System Automount Point.
[[0;32m  OK  [0m] Set up automount Arbitrary Executab...ats File System Automount Point.
[   13.698537] systemd[1]: Listening on udev Kernel Socket.
[[0;32m  OK  [0m] Listening on udev Kernel Socket.
[   13.725195] systemd[1]: Listening on /dev/initctl Compatibility Named Pipe.
[[0;32m  OK  [0m] Listening on /dev/initctl Compatibility Named Pipe.
[   13.737333] systemd[1]: Created slice System Slice.
[[0;32m  OK  [0m] Created slice System Slice.
[   13.754524] systemd[1]: Starting Monitoring of LVM2 mirrors, snapshots etc. using dmeventd or progress polling...
         Starting Monitoring of LVM2 mirrors... dmeventd or progress polling...
[   13.805514] systemd[1]: Starting Create list of required static device nodes for the current kernel...
         Starting Create list of required st... nodes for the current kernel...
[   13.920494] systemd[1]: Reached target Slices.
[[0;32m  OK  [0m] Reached target Slices.
[   13.997230] systemd[1]: Starting Set console keymap...
[   13.998576] random: nonblocking pool is initialized
         Starting Set console keymap...
[   14.097983] systemd[1]: Created slice system-serial\x2dgetty.slice.
[[0;32m  OK  [0m] Created slice system-serial\x2dgetty.slice.
[   14.181213] systemd[1]: Mounting Debug File System...
         Mounting Debug File System...
[   14.237185] systemd[1]: Starting Remount Root and Kernel File Systems...
[   14.241169] EXT4-fs (sda1): re-mounted. Opts: (null)
         Starting Remount Root and Kernel File Systems...
[   14.365184] systemd[1]: Mounting POSIX Message Queue File System...
         Mounting POSIX Message Queue File System...
[   14.449105] systemd[1]: Starting Nameserver information manager...
         Starting Nameserver information manager...
[   14.505028] systemd[1]: Mounting Huge Pages File System...
         Mounting Huge Pages File System...
[   14.560991] systemd[1]: Starting Load Kernel Modules...
[   14.602057] Loading iSCSI transport class v2.0-870.
         Starting Load Kernel Modules...
[   14.612147] iscsi: registered transport (tcp)
[   14.697696] systemd[1]: Starting Uncomplicated firewall...
         Starting Uncomplicated firewall...
[   14.737079] systemd[1]: Listening on Journal Socket (/dev/log).
[[0;32m  OK  [[   14.752244] iscsi: registered transport (iser)
0m] Listening on Journal Socket (/dev/log).
[   14.825242] systemd[1]: Starting Journal Service...
         Starting Journal Service...
[   14.881905] systemd[1]: Mounted POSIX Message Queue File System.
[[0;32m  OK  [0m] Mounted POSIX Message Queue File System.
[   14.973044] systemd[1]: Mounted Huge Pages File System.
[[0;32m  OK  [0m] Mounted Huge Pages File System.
[   15.051895] systemd[1]: Mounted Debug File System.
[[0;32m  OK  [0m] Mounted Debug File System.
[   15.109151] systemd[1]: Started Journal Service.
[[0;32m  OK  [0m] Started Journal Service.
[[0;32m  OK  [0m] Started Create list of required sta...ce nodes for the current kernel.
[[0;32m  OK  [0m] Started Set console keymap.
[[0;32m  OK  [0m] Started Remount Root and Kernel File Systems.
[[0;32m  OK  [0m] Started Load Kernel Modules.
[[0;32m  OK  [0m] Started Uncomplicated firewall.
[[0;32m  OK  [0m] Started Nameserver information manager.
[[0;32m  OK  [0m] Started LVM2 metadata daemon.
         Starting Apply Kernel Variables...
         Mounting FUSE Control File System...
         Starting Initial cloud-init job (pre-networking)...
         Starting udev Coldplug all Devices...
         Starting Load/Save Random Seed...
         Starting Create Static Device Nodes in /dev...
         Starting Flush Journal to Persistent Storage...
[[0;32m  OK  [0m] Mounted FUSE Control File System.
[[0;32m  OK  [0m] Started Apply Kernel Variables.
[[0;32m  OK  [0m] Started Load/Save Random Seed.
[[0;32m  OK  [0m] Started Create Static Device Nodes in /dev.
[[0;32m  OK  [0m] Started udev Coldplug all Devices.
[[0;32m  OK  [0m] Started Flush Journal to Persistent Storage.
         Starting udev Kernel Device Manager...
[[0;32m  OK  [0m] Started Monitoring of LVM2 mirrors,...ng dmeventd or progress polling.
[[0;32m  OK  [0m] Started udev Kernel Device Manager.
[[0;32m  OK  [0m] Started Dispatch Password Requests to Console Directory Watch.
[[0;32m  OK  [0m] Reached target Local File Systems (Pre).
[[0;32m  OK  [0m] Reached target Local File Systems.
         Starting LSB: AppArmor initialization...
         Starting Set console font and keymap...
         Starting Commit a transient machine-id on disk...
         Starting Tell Plymouth To Write Out Runtime Data...
         Starting Create Volatile Files and Directories...
[[0;32m  OK  [0m] Started Commit a transient machine-id on disk.
[[0;32m  OK  [0m] Started Tell Plymouth To Write Out Runtime Data.
[[0;32m  OK  [0m] Started Create Volatile Files and Directories.
         Starting Update UTMP about System Boot/Shutdown...
[[0;32m  OK  [0m] Reached target System Time Synchronized.
[[0;32m  OK  [0m] Started Update UTMP about System Boot/Shutdown.
[[0;32m  OK  [0m] Found device /dev/ttyS0.
[[0;32m  OK  [0m] Started Set console font and keymap.
[   14.715512] cloud-init[450]: Cloud-init v. 0.7.9 running 'init-local' at Sun, 26 Nov 2017 01:45:26 +0000. Up 13.91 seconds.
[[0;32m  OK  [0m] Started Initial cloud-init job (pre-networking).
[[0;32m  OK  [0m] Started LSB: AppArmor initialization.
[[0;32m  OK  [0m] Reached target Network (Pre).
         Starting Raise network interfaces...
[[0;32m  OK  [0m] Listening on Load/Save RF Kill Switch Status /dev/rfkill Watch.
[[0;32m  OK  [0m] Created slice system-getty.slice.
[[0;32m  OK  [0m] Started Raise network interfaces.
         Starting Initial cloud-init job (metadata service crawler)...
[[0;32m  OK  [0m] Reached target Network.
[   18.559277] cloud-init[955]: Cloud-init v. 0.7.9 running 'init' at Sun, 26 Nov 2017 01:45:30 +0000. Up 17.55 seconds.
[   18.625048] cloud-init[955]: ci-info: ++++++++++++++++++++++++++++++++++++++Net device info++++++++++++++++++++++++++++++++++++++
[[0;32m  OK  [0m] Started Initial cloud-init job (metadata service crawler).
[[0;32m  OK  [0m] Reached target Cloud-config availability.
[   18.647517] cloud-init[955]: ci-info: +--------+-------+----------------------------+---------------+-------+-------------------+
[[   18.647903] [0;32m  OK  [0mcloud-init] [955]: Reached target System Initialization.ci-info: | Device |   Up  |          Address           |      Mask     | Scope |     Hw-Address    |

[[   18.648184] cloud-init[955]: ci-info: +--------+-------+----------------------------+---------------+-------+-------------------+
[   18.757242] cloud-init[955]: ci-info: | enp0s3 |  True |         10.0.2.15          | 255.255.255.0 |   .   | 02:1f:97:0f:e2:73 |
[0;32m  OK  [0m] Started Daily apt activities.
[   18.757592] cloud-init[955]: ci-info: | enp0s3 |  True | fe80::1f:97ff:fe0f:e273/64 |       .       |  link | 02:1f:97:0f:e2:73 |
[[   18.952560] cloud-init[955]: ci-info: | enp0s8 | False |             .              |       .       |   .   | 08:00:27:4c:13:15 |
[0;32m  OK  [0m] Started ACPI Events Check.
[[   18.953390] cloud-init[955]: ci-info: |   lo   |  True |         127.0.0.1          |   255.0.0.0   |   .   |         .         |
[0;32m  OK  [0m] Reached target Paths.
[[0;32m  OK  [0m] Started Daily Cleanup of Temporary Directories.
[   19.086704] cloud-init[955]: ci-info: |   lo   |  True |          ::1/128           |       .       |  host |         .         |
[   19.232987] cloud-init[955]: ci-info: +--------+-------+----------------------------+---------------+-------+-------------------+
[   19.233598] cloud-init[955]: ci-info: +++++++++++++++++++++++++++Route IPv4 info++++++++++++++++++++++++++++
[[0;32m  OK  [0m] Started Timer to automatically refresh installed snaps.
[[0;32m  OK  [0m] Reached target Timers.
[   19.233775] cloud-init[955]: ci-info: +-------+-------------+----------+---------------+-----------+-------+
[   19.401379] cloud-init[955]: ci-info: | Route | Destination | Gateway  |    Genmask    | Interface | Flags |
         Starting Socket activation for snappy daemon.
[   19.402291] cloud-init[955]: ci-info: +-------+-------------+----------+---------------+-----------+-------+
[   19.492544] cloud-init[955]: ci-info: |   0   |   0.0.0.0   | 10.0.2.2 |    0.0.0.0    |   enp0s3  |   UG  |
[   19.493163] cloud-init[955]: ci-info: |   1   |   10.0.2.0  | 0.0.0.0  | 255.255.255.0 |   enp0s3  |   U   |         
Starting LXD - unix socket.
[[   19.493375] cloud-init[955]: ci-info: +-------+-------------+----------+---------------+-----------+-------+
[   19.640827] cloud-init[955]: Generating public/private rsa key pair.
[0;32m  OK  [0m] Listening on UUID daemon activation socket.
[[   19.640913] cloud-init[955]: Your identification has been saved in /etc/ssh/ssh_host_rsa_key.
[   19.730662] cloud-init[955]: Your public key has been saved in /etc/ssh/ssh_host_rsa_key.pub.
[   19.730830] [0;32m  OK  [0mcloud-init] [955]: Listening on D-Bus System Message Bus Socket.The key fingerprint is:

[   19.836671] cloud-init[955]: SHA256:ya5qu+5oMH71zSJiW1Toesh1cXVvT0nyzSqxF/6u6cI root@ubuntu-xenial
[   19.837172] cloud-init[955]: The key's randomart image is:
[[0;32m  OK  [0m] Listening on ACPID Listen Socket.
[[0;32m  OK  [0m[   19.837398] ] cloud-initReached target Network is Online.[955]: 
+---[RSA 2048]----+
[   19.989295] cloud-init[955]: |           . o . |
[   19.990364] cloud-init[955]: |      .   . . =.o|
         Starting iSCSI initiator daemon (iscsid)...
[   19.990563] cloud-init[955]: |     . o .  . .=+|
[   20.136560] cloud-init[955]: |    . ..o.   +.+.|
[   20.136680] cloud-init[955]: |     + .S   o + .|
[[0;32m  OK  [0m] Listening on Socket activation for snappy daemon.
[[0;32m  OK  [0m] Listening on LXD - unix socket.
[   20.136920] cloud-init[955]: |o . =...     o . |
[   20.448565] cloud-init[955]: |.o +.o. +  .    .|
[   20.449019] cloud-init[955]: | ..=+. + o  E  o |
[[0;32m  OK  [0m] Started iSCSI initiator daemon (iscsid).
[   20.449179] cloud-init[955]: | .+=O+o .    o+..|
[   20.540541] cloud-init[955]: +----[SHA256]-----+
         Starting Login to default iSCSI targets...
[[   20.540912] cloud-init[955]: Generating public/private dsa key pair.
[   20.600965] cloud-init[955]: Your identification has been saved in /etc/ssh/ssh_host_dsa_key.
[0;32m  OK  [0m] Reached target Sockets.
[[   20.601101] cloud-init[955]: Your public key has been saved in /etc/ssh/ssh_host_dsa_key.pub.
[   20.652363] cloud-init[955]: The key fingerprint is:
[0;32m  OK  [0m] Reached target Basic System.
[   20.652507] cloud-init[955]: SHA256:nH8IWtXKZD2zO+JJ1RU6te+w8TDpmCj5xCTn9FKCzUE root@ubuntu-xenial
[   20.729167] cloud-init[955]: The key's randomart image is:
[   20.729668] cloud-init[955]: +---[DSA 1024]----+
[[0;32m  OK  [0m] Started Deferred execution scheduler.
[   20.729881] cloud-init[955]: |          E    o |
[   20.836476] cloud-init[955]: |         . o  o o|
[   20.836769] cloud-init[955]: |          = =o ..|
[[0;32m  OK  [0m] Started D-Bus System Message Bus.
[   20.836928] cloud-init[955]: |       . X o =.o.|
[   20.960399] cloud-init[955]: |        S X + B .|
[   20.960777] cloud-init[955]: |       o @ B = O |
         Starting LSB: Record successful boot for GRUB...
[   20.960918] cloud-init[955]: |      . o @ B o o|
[   21.116418] cloud-init[955]: |         * = .   |
[   21.116780] cloud-init[955]: |          +      |
         Starting System Logging Service...
[   21.116935] cloud-init[955]: +----[SHA256]-----+
[   21.260570] cloud-init[955]: Generating public/private ecdsa key pair.
[[0;32m  OK  [0m] Started Snappy daemon.
[   21.261411] cloud-init[955]: Your identification has been saved in /etc/ssh/ssh_host_ecdsa_key.
[   21.396412] cloud-init[955]: Your public key has been saved in /etc/ssh/ssh_host_ecdsa_key.pub.
[   21.396830] cloud-init[955]: The key fingerprint is:
[[0;32m  OK  [0m] Started FUSE filesystem for LXC.
[   21.397014] cloud-init[955]: SHA256:pgIucU3YpL8SYiSoLBS5eO/+4yG+ac9vwHq2FQA9lRA root@ubuntu-xenial
[   21.442000] cloud-init[955]: The key's randomart image is:
[   21.443331] cloud-init[955]: +---[ECDSA 256]---+
[   21.456413] cloud-init[955]: | .. o.E+..       |
[   21.456807] cloud-init[955]: |...= .o .        |
         Starting Accounts Service...
[   21.456953] cloud-init[955]: |+o+ o ..         |
[   21.564494] cloud-init[955]: |B..+   .         |
[   21.564931] cloud-init[955]: |=++.o.  S        |
[[0;32m  OK  [0m] Started ACPI event daemon.
[   21.565085] cloud-init[955]: |o= o..oo .       |
[   21.809208] cloud-init[955]: |. o.+.o..        |
[   21.809581] cloud-init[955]: | . o+=+o.        |
         Starting /etc/rc.local Compatibility...
[   21.809725] cloud-init[955]: |   o=B*=.        |
[   21.905232] cloud-init[955]: +----[SHA256]-----+
[   21.905662] cloud-init[955]: Generating public/private ed25519 key pair.
         Starting Pollinate to seed the pseudo random number generator...
[   21.905937] cloud-init[955]: Your identification has been saved in /etc/ssh/ssh_host_ed25519_key.
[   22.056524] cloud-init[955]: Your public key has been saved in /etc/ssh/ssh_host_ed25519_key.pub.
[   22.056935] cloud-init[955]: The key fingerprint is:
         Starting Apply the settings specified in cloud-config...
[   22.057162] cloud-init[955]: SHA256:gZFdP5feV5KG2Uk9f+UsGB8uLZb97kAzjYtEmHLMYfc root@ubuntu-xenial
[   22.372500] cloud-init[955]: The key's randomart image is:
[   22.372892] cloud-init[955]: +--[ED25519 256]--+
         Starting LXD - container startup/shutdown...
[   22.373045] cloud-init[955]: |      .o .+ . .. |
[   22.474135] cloud-init[955]: |      .o.+ *.*.=o|
[   22.474403] cloud-init[955]: |      . o * *OE+=|
         Starting LSB: MD monitoring daemon...
[   22.474603] cloud-init[955]: |         + .*=*=*|
[   22.540252] cloud-init[955]: |        S  ..o*o=|
[   22.540613] cloud-init[955]: |           . o +o|
         Starting Login Service...
[[   22.540816] cloud-init[955]: |            . o. |
[   22.572515] cloud-init[955]: |               ..|
[0;32m  OK  [0m] Started Unattended Upgrades Shutdown.
[   22.572585] cloud-init[955]: |               ..|
[   22.716471] cloud-init[955]: +----[SHA256]-----+
         Starting Auto import assertions from block devices...
[   22.727111] cloud-init[1131]: Generating locales (this might take a while)...
[[0;32m  OK  [0m] Started Regular background program processing daemon.
[[0;32m  OK  [0m] Started System Logging Service.
[[0;32m  OK  [0m] Started /etc/rc.local Compatibility.
[[0;32m  OK  [0m] Started Pollinate to seed the pseudo random number generator.
[[0;32m  OK  [0m] Started LXD - container startup/shutdown.
[[0;32m  OK  [0m] Started Auto import assertions from block devices.
[[0;32m  OK  [0m] Started Login to default iSCSI targets.
[[0;32m  OK  [0m] Started LSB: Record successful boot for GRUB.
[[0;32m  OK  [0m] Started LSB: MD monitoring daemon.
         Starting Authenticate and Authorize Users to Run Privileged Tasks...
[[0;32m  OK  [0m] Reached target Remote File Systems (Pre).
[[0;32m  OK  [0m] Reached target Remote File Systems.
         Starting LSB: automatic crash report generation...
         Starting LSB: Set the CPU Frequency Scaling governor to "ondemand"...
         Starting LSB: daemon to balance interrupts for SMP systems...
         Starting Permit User Sessions...
         Starting LSB: VirtualBox Linux Additions...
         Starting OpenBSD Secure Shell server...
[[0;32m  OK  [0m] Started Permit User Sessions.
[[0;32m  OK  [0m] Started Login Service.
[[0;32m  OK  [0m] Started Authenticate and Authorize Users to Run Privileged Tasks.
[[0;32m  OK  [0m] Started OpenBSD Secure Shell server.
[[0;32m  OK  [0m] Started Accounts Service.
[[0;32m  OK  [0m] Started LSB: Set the CPU Frequency Scaling governor to "ondemand".
[[0;32m  OK  [0m] Started LSB: automatic crash report generation.
[[0;32m  OK  [0m] Started LSB: daemon to balance interrupts for SMP systems.
         Starting Hold until boot process finishes up...
[   23.605234] cloud-init[1131]:   en_US.UTF-8... done
         Starting Terminate Plymouth Boot Screen...
[   23.665469] cloud-init[[0;32m  OK  [0m] Started LSB: VirtualBox Linux Additions.
[[0;32m  OK  [0m] Started Hold until boot process finishes up.
[[0;32m  OK  [0m] Started Terminate Plymouth Boot Screen.
[1131]: Generation complete.
         Starting Set console scheme...
[[0;32m  OK  [0m] Started Serial Getty on ttyS0.
[[0;32m  OK  [0m] Started Getty on tty1.
[[0;32m  OK  [0m] Reached target Login Prompts.
[[0;32m  OK  [0m] Reached target Multi-User System.
[[0;32m  OK  [0m] Reached target Graphical Interface.
         Starting Update UTMP about System Runlevel Changes...
[[0;32m  OK  [0m] Started Set console scheme.
[[0;32m  OK  [0m] Started Update UTMP about System Runlevel Changes.
         Stopping OpenBSD Secure Shell server...
[[0;32m  OK  [0m] Stopped OpenBSD Secure Shell server.
         Starting OpenBSD Secure Shell server...
[[0;32m  OK  [0m] Started OpenBSD Secure Shell server.
[   24.382886] cloud-init[1131]: Cloud-init v. 0.7.9 running 'modules:config' at Sun, 26 Nov 2017 01:45:34 +0000. Up 22.34 seconds.
[[0;32m  OK  [0m] Started Apply the settings specified in cloud-config.
         Starting Execute cloud user/final scripts...
ci-info: no authorized ssh keys fingerprints found for user ubuntu.
<14>Nov 26 01:45:37 ec2: 
<14>Nov 26 01:45:37 ec2: #############################################################
<14>Nov 26 01:45:37 ec2: -----BEGIN SSH HOST KEY FINGERPRINTS-----
<14>Nov 26 01:45:37 ec2: 1024 SHA256:nH8IWtXKZD2zO+JJ1RU6te+w8TDpmCj5xCTn9FKCzUE root@ubuntu-xenial (DSA)
<14>Nov 26 01:45:37 ec2: 256 SHA256:pgIucU3YpL8SYiSoLBS5eO/+4yG+ac9vwHq2FQA9lRA root@ubuntu-xenial (ECDSA)
<14>Nov 26 01:45:37 ec2: 256 SHA256:gZFdP5feV5KG2Uk9f+UsGB8uLZb97kAzjYtEmHLMYfc root@ubuntu-xenial (ED25519)
<14>Nov 26 01:45:37 ec2: 2048 SHA256:ya5qu+5oMH71zSJiW1Toesh1cXVvT0nyzSqxF/6u6cI root@ubuntu-xenial (RSA)
<14>Nov 26 01:45:37 ec2: -----END SSH HOST KEY FINGERPRINTS-----
<14>Nov 26 01:45:37 ec2: #############################################################
-----BEGIN SSH HOST KEY KEYS-----
ecdsa-sha2-nistp256 AAAAE2VjZHNhLXNoYTItbmlzdHAyNTYAAAAIbmlzdHAyNTYAAABBBJbtEMZIocSg1JLGJ//aFEnnpDaDmLhsrvTX7hVAJfAMB2Apztaqcjk98xuckQFAbFRPHHQMAnjF9AJaHF1+n1E= root@ubuntu-xenial
ssh-ed25519 AAAAC3NzaC1lZDI1NTE5AAAAIMGv9hFjn8OKunphmj/Iny/NmF56eCe/yF3vEY2UiIuk root@ubuntu-xenial
ssh-rsa AAAAB3NzaC1yc2EAAAADAQABAAABAQCavW4l0VYP7kr0KoP6p0gDuWzayRUrQr8pnBVLQp8ANUw4P3gjhi6w/1nUJs1b18X6SLwNepnVZGo1F37GYm5IZESlDCqP5W/xSQp/f7PdM3fYg07SCwdQiy8IrXzjrnG5P7Haosv/0iBj3+AHPpcpuw6cMmZOo4kK9axBTjxTG1e5wQ9q/d/GtTEsflK63+WTNU306v7l2kJmu2Ep2YXbjiV6bM1buk27b+Q2ZyOZ6f2RSJ2l4T/yBeY1YMEK1VT7tdP0c8uSXhAOF9hadS5hpK/Wa+fF7Fi5Ug7FxD2hG3t4LufCGZFM/zhSdWWu9F/AnlY5G4rgNUc2uFuFJJ05 root@ubuntu-xenial
-----END SSH HOST KEY KEYS-----
[[0;32m  OK  [0m] Created slice User Slice of ubuntu.
[   25.682923] cloud-init[1322]: Cloud-init v. 0.7.9 running 'modules:final' at Sun, 26 Nov 2017 01:45:37 +0000. Up 24.75 seconds.
[   25.796876] cloud-init[1322]: ci-info: no authorized ssh keys fingerprints found for user ubuntu.
[   25.797262] cloud-init[1322]: Cloud-init v. 0.7.9 finished at Sun, 26 Nov 2017 01:45:38 +0000. Datasource DataSourceNoCloud [seed=/dev/sdb][dsmode=net].  Up 25.67 seconds
         Starting User Manager for UID 1000...
[[0;32m  OK  [0m] Started User Manager for UID 1000.
[[0;32m  OK  [0m] Started Execute cloud user/final scripts.
[[0;32m  OK  [0m] Started Session 1 of user ubuntu.
[[0;32m  OK  [0m] Reached target Cloud-init target.

Ubuntu 16.04.2 LTS ubuntu-xenial ttyS0

ubuntu-xenial login: 